0000001 | 2019-01-24, 12:24:34.673412 [info] - # leading order Debye mass
0000002 | 2019-01-24, 12:24:34.673884 [info] - Boltzmann/cq2cq/rate/fmax dim=2
0000003 | 2019-01-24, 12:24:34.673906 [info] - Boltzmann/cq2cq/rate/scalar dim=2
0000004 | 2019-01-24, 12:24:34.674017 [info] - Boltzmann/cq2cq/rate/vector dim=2
0000005 | 2019-01-24, 12:24:34.674225 [info] - Boltzmann/cq2cq/rate/tensor dim=2
0000006 | 2019-01-24, 12:24:34.674533 [info] - Boltzmann/cq2cq/xsection/fmax dim=2
0000007 | 2019-01-24, 12:24:34.674541 [info] - Boltzmann/cq2cq/xsection/scalar dim=2
0000008 | 2019-01-24, 12:24:34.674555 [info] - Boltzmann/cq2cq/xsection/vector dim=2
0000009 | 2019-01-24, 12:24:34.674656 [info] - Boltzmann/cq2cq/xsection/tensor dim=2
0000010 | 2019-01-24, 12:24:34.675386 [info] - Boltzmann/cg2cg/rate/fmax dim=2
0000011 | 2019-01-24, 12:24:34.675423 [info] - Boltzmann/cg2cg/rate/scalar dim=2
0000012 | 2019-01-24, 12:24:34.675509 [info] - Boltzmann/cg2cg/rate/vector dim=2
0000013 | 2019-01-24, 12:24:34.675730 [info] - Boltzmann/cg2cg/rate/tensor dim=2
0000014 | 2019-01-24, 12:24:34.676006 [info] - Boltzmann/cg2cg/xsection/fmax dim=2
0000015 | 2019-01-24, 12:24:34.676014 [info] - Boltzmann/cg2cg/xsection/scalar dim=2
0000016 | 2019-01-24, 12:24:34.676038 [info] - Boltzmann/cg2cg/xsection/vector dim=2
0000017 | 2019-01-24, 12:24:34.676137 [info] - Boltzmann/cg2cg/xsection/tensor dim=2
0000018 | 2019-01-24, 12:24:34.676912 [info] - Boltzmann/cq2cqg/rate/fmax dim=2
0000019 | 2019-01-24, 12:24:34.676944 [info] - Boltzmann/cq2cqg/rate/scalar dim=2
0000020 | 2019-01-24, 12:24:34.677225 [info] - Boltzmann/cq2cqg/xsection/fmax dim=2
0000021 | 2019-01-24, 12:24:34.677232 [info] - Boltzmann/cq2cqg/xsection/scalar dim=2
0000022 | 2019-01-24, 12:24:34.678009 [info] - Boltzmann/cg2cgg/rate/fmax dim=2
0000023 | 2019-01-24, 12:24:34.678030 [info] - Boltzmann/cg2cgg/rate/scalar dim=2
0000024 | 2019-01-24, 12:24:34.678308 [info] - Boltzmann/cg2cgg/xsection/fmax dim=2
0000025 | 2019-01-24, 12:24:34.678316 [info] - Boltzmann/cg2cgg/xsection/scalar dim=2
0000026 | 2019-01-24, 12:24:34.679069 [info] - Boltzmann/cqg2cq/rate/fmax dim=2
0000027 | 2019-01-24, 12:24:34.679079 [info] - Boltzmann/cqg2cq/rate/scalar dim=2
0000028 | 2019-01-24, 12:24:34.679833 [info] - Boltzmann/cqg2cq/xsection/fmax dim=4
0000029 | 2019-01-24, 12:24:34.680160 [info] - Boltzmann/cqg2cq/xsection/scalar dim=4
0000030 | 2019-01-24, 12:24:34.680914 [info] - Boltzmann/cgg2cg/rate/fmax dim=2
0000031 | 2019-01-24, 12:24:34.680923 [info] - Boltzmann/cgg2cg/rate/scalar dim=2
0000032 | 2019-01-24, 12:24:34.681523 [info] - Boltzmann/cgg2cg/xsection/fmax dim=4
0000033 | 2019-01-24, 12:24:34.681851 [info] - Boltzmann/cgg2cg/xsection/scalar dim=4
0000034 | 2019-01-24, 12:24:34.682605 [info] - Boltzmann/c2cg/rate/fmax dim=2
0000035 | 2019-01-24, 12:24:34.682628 [info] - Boltzmann/c2cg/rate/scalar dim=2
0000036 | 2019-01-24, 12:24:34.683145 [info] - Boltzmann/cg2c/rate/fmax dim=2
0000037 | 2019-01-24, 12:24:34.683153 [info] - Boltzmann/cg2c/rate/scalar dim=2
0000038 | 2019-01-24, 12:24:34.683667 [info] - Boltzmann/bq2bq/rate/fmax dim=2
0000039 | 2019-01-24, 12:24:34.683675 [info] - Boltzmann/bq2bq/rate/scalar dim=2
0000040 | 2019-01-24, 12:24:34.683700 [info] - Boltzmann/bq2bq/rate/vector dim=2
0000041 | 2019-01-24, 12:24:34.683784 [info] - Boltzmann/bq2bq/rate/tensor dim=2
0000042 | 2019-01-24, 12:24:34.684067 [info] - Boltzmann/bq2bq/xsection/fmax dim=2
0000043 | 2019-01-24, 12:24:34.684075 [info] - Boltzmann/bq2bq/xsection/scalar dim=2
0000044 | 2019-01-24, 12:24:34.684094 [info] - Boltzmann/bq2bq/xsection/vector dim=2
0000045 | 2019-01-24, 12:24:34.684133 [info] - Boltzmann/bq2bq/xsection/tensor dim=2
0000046 | 2019-01-24, 12:24:34.684920 [info] - Boltzmann/bg2bg/rate/fmax dim=2
0000047 | 2019-01-24, 12:24:34.684941 [info] - Boltzmann/bg2bg/rate/scalar dim=2
0000048 | 2019-01-24, 12:24:34.684954 [info] - Boltzmann/bg2bg/rate/vector dim=2
0000049 | 2019-01-24, 12:24:34.685038 [info] - Boltzmann/bg2bg/rate/tensor dim=2
0000050 | 2019-01-24, 12:24:34.685321 [info] - Boltzmann/bg2bg/xsection/fmax dim=2
0000051 | 2019-01-24, 12:24:34.685330 [info] - Boltzmann/bg2bg/xsection/scalar dim=2
0000052 | 2019-01-24, 12:24:34.685347 [info] - Boltzmann/bg2bg/xsection/vector dim=2
0000053 | 2019-01-24, 12:24:34.685363 [info] - Boltzmann/bg2bg/xsection/tensor dim=2
0000054 | 2019-01-24, 12:24:34.686154 [info] - Boltzmann/bq2bqg/rate/fmax dim=2
0000055 | 2019-01-24, 12:24:34.686165 [info] - Boltzmann/bq2bqg/rate/scalar dim=2
0000056 | 2019-01-24, 12:24:34.686569 [info] - Boltzmann/bq2bqg/xsection/fmax dim=2
0000057 | 2019-01-24, 12:24:34.686603 [info] - Boltzmann/bq2bqg/xsection/scalar dim=2
0000058 | 2019-01-24, 12:24:34.687797 [info] - Boltzmann/bg2bgg/rate/fmax dim=2
0000059 | 2019-01-24, 12:24:34.687806 [info] - Boltzmann/bg2bgg/rate/scalar dim=2
0000060 | 2019-01-24, 12:24:34.688095 [info] - Boltzmann/bg2bgg/xsection/fmax dim=2
0000061 | 2019-01-24, 12:24:34.688103 [info] - Boltzmann/bg2bgg/xsection/scalar dim=2
0000062 | 2019-01-24, 12:24:34.688861 [info] - Boltzmann/bqg2bq/rate/fmax dim=2
0000063 | 2019-01-24, 12:24:34.688872 [info] - Boltzmann/bqg2bq/rate/scalar dim=2
0000064 | 2019-01-24, 12:24:34.689491 [info] - Boltzmann/bqg2bq/xsection/fmax dim=4
0000065 | 2019-01-24, 12:24:34.689858 [info] - Boltzmann/bqg2bq/xsection/scalar dim=4
0000066 | 2019-01-24, 12:24:34.690619 [info] - Boltzmann/bgg2bg/rate/fmax dim=2
0000067 | 2019-01-24, 12:24:34.690628 [info] - Boltzmann/bgg2bg/rate/scalar dim=2
0000068 | 2019-01-24, 12:24:34.691354 [info] - Boltzmann/bgg2bg/xsection/fmax dim=4
0000069 | 2019-01-24, 12:24:34.691825 [info] - Boltzmann/bgg2bg/xsection/scalar dim=4
0000070 | 2019-01-24, 12:24:34.692570 [info] - Boltzmann/b2bg/rate/fmax dim=2
0000071 | 2019-01-24, 12:24:34.692578 [info] - Boltzmann/b2bg/rate/scalar dim=2
0000072 | 2019-01-24, 12:24:34.693072 [info] - Boltzmann/bg2b/rate/fmax dim=2
0000073 | 2019-01-24, 12:24:34.693079 [info] - Boltzmann/bg2b/rate/scalar dim=2
0000074 | 2019-01-24, 12:24:34.693613 [info] - Boltzmann/gq2gq/rate/fmax dim=2
0000075 | 2019-01-24, 12:24:34.693633 [info] - Boltzmann/gq2gq/rate/scalar dim=2
0000076 | 2019-01-24, 12:24:34.693706 [info] - Boltzmann/gq2gq/rate/vector dim=2
0000077 | 2019-01-24, 12:24:34.693922 [info] - Boltzmann/gq2gq/rate/tensor dim=2
0000078 | 2019-01-24, 12:24:34.694212 [info] - Boltzmann/gq2gq/xsection/fmax dim=2
0000079 | 2019-01-24, 12:24:34.694222 [info] - Boltzmann/gq2gq/xsection/scalar dim=2
0000080 | 2019-01-24, 12:24:34.694235 [info] - Boltzmann/gq2gq/xsection/vector dim=2
0000081 | 2019-01-24, 12:24:34.694334 [info] - Boltzmann/gq2gq/xsection/tensor dim=2
0000082 | 2019-01-24, 12:24:34.695108 [info] - Boltzmann/gg2gg/rate/fmax dim=2
0000083 | 2019-01-24, 12:24:34.695128 [info] - Boltzmann/gg2gg/rate/scalar dim=2
0000084 | 2019-01-24, 12:24:34.695204 [info] - Boltzmann/gg2gg/rate/vector dim=2
0000085 | 2019-01-24, 12:24:34.695421 [info] - Boltzmann/gg2gg/rate/tensor dim=2
0000086 | 2019-01-24, 12:24:34.695738 [info] - Boltzmann/gg2gg/xsection/fmax dim=2
0000087 | 2019-01-24, 12:24:34.695748 [info] - Boltzmann/gg2gg/xsection/scalar dim=2
0000088 | 2019-01-24, 12:24:34.695759 [info] - Boltzmann/gg2gg/xsection/vector dim=2
0000089 | 2019-01-24, 12:24:34.695831 [info] - Boltzmann/gg2gg/xsection/tensor dim=2
0000090 | 2019-01-24, 12:24:34.696365 [info] - Boltzmann/cq2cq/xsection Generating tables
0000091 | 2019-01-24, 12:24:34.858281 [info] - Boltzmann/cq2cq/rate Generating tables
0000092 | 2019-01-24, 12:24:35.898672 [info] - Boltzmann/cg2cg/xsection Generating tables
0000093 | 2019-01-24, 12:24:36.270521 [info] - Boltzmann/cg2cg/rate Generating tables
